#
# A fatal error has been detected by the Java Runtime Environment:
#
#  EXCEPTION_ACCESS_VIOLATION (0xc0000005) at pc=0x000000006b419fb0, pid=7008, tid=0x00000000000014d0
#
# JRE version: Java(TM) SE Runtime Environment (8.0_112-b15) (build 1.8.0_112-b15)
# Java VM: Java HotSpot(TM) 64-Bit Server VM (25.112-b15 mixed mode windows-amd64 compressed oops)
# Problematic frame:
# V  [jvm.dll+0x129fb0]
#
# Failed to write core dump. Minidumps are not enabled by default on client versions of Windows
#
# If you would like to submit a bug report, please visit:
#   http://bugreport.java.com/bugreport/crash.jsp
#

---------------  T H R E A D  ---------------

Current thread (0x000000001b871000):  JavaThread "Daemon worker Thread 21" [_thread_in_vm, id=5328, stack(0x0000000019c00000,0x0000000019d00000)]

siginfo: ExceptionCode=0xc0000005, reading address 0x0000000000000008

Registers:
RAX=0x0000000019cf6e90, RBX=0x0000000000000000, RCX=0x0000000000000000, RDX=0x0000000000000140
RSP=0x0000000019cf6db8, RBP=0x0000000019cf6ec0, RSI=0x0000000000000000, RDI=0x0000000019cf6e90
R8 =0x0000000019cf7bd0, R9 =0x0000000019cf7568, R10=0x0000000000000141, R11=0x0000000019cf74d0
R12=0x0000000000000000, R13=0x0000000000000140, R14=0x000000001b871000, R15=0x000000001b871000
RIP=0x000000006b419fb0, EFLAGS=0x0000000000010202

Top of Stack: (sp=0x0000000019cf6db8)
0x0000000019cf6db8:   000000006b51d9f7 000000001b8711f8
0x0000000019cf6dc8:   000000006b2bc0fd 00000000000008e0
0x0000000019cf6dd8:   0000000000001000 0000000019cf6e00
0x0000000019cf6de8:   0000000019cf8ed0 0000000019cf75d0
0x0000000019cf6df8:   7075732e64696f72 6c637269438b0102
0x0000000019cf6e08:   666e8774656e4f65 736e758c62696c63
0x0000000019cf6e18:   6465696669636570 6e3a88013a820202
0x0000000019cf6e28:   94030262696c6366 72646e612e6d6f63
0x0000000019cf6e38:   707075732e64696f 637070618d74726f
0x0000000019cf6e48:   37762d7461706d6f 01312e312e353287
0x0000000019cf6e58:   6e612e6d6f639401 0000000000000000
0x0000000019cf6e68:   0000000000000000 0000000019cf7568
0x0000000019cf6e78:   2e312e3532873776 2e6d6f638d050231
0x0000000019cf6e88:   0000000019cf7580 0000000000000000
0x0000000019cf6e98:   0000000000000000 2e6d6f638d010130
0x0000000019cf6ea8:   6a696c6c65746e69 7461746f6e6e618c 

Instructions: (pc=0x000000006b419fb0)
0x000000006b419f90:   48 3b c2 77 f3 41 0f b7 40 20 4a 8d 4c 00 30 48
0x000000006b419fa0:   3b d1 73 e4 41 2b d0 8d 42 d0 c3 33 c0 c3 cc cc
0x000000006b419fb0:   48 8b 41 08 48 63 d2 48 8d 44 10 30 c3 cc cc cc
0x000000006b419fc0:   48 8b 41 08 48 8b 48 08 48 8b 41 18 48 8b 40 10 


Register to memory mapping:

RAX=0x0000000019cf6e90 is pointing into the stack for thread: 0x000000001b871000
RBX=0x0000000000000000 is an unknown value
RCX=0x0000000000000000 is an unknown value
RDX=0x0000000000000140 is an unknown value
RSP=0x0000000019cf6db8 is pointing into the stack for thread: 0x000000001b871000
RBP=0x0000000019cf6ec0 is pointing into the stack for thread: 0x000000001b871000
RSI=0x0000000000000000 is an unknown value
RDI=0x0000000019cf6e90 is pointing into the stack for thread: 0x000000001b871000
R8 =0x0000000019cf7bd0 is pointing into the stack for thread: 0x000000001b871000
R9 =0x0000000019cf7568 is pointing into the stack for thread: 0x000000001b871000
R10=0x0000000000000141 is an unknown value
R11=0x0000000019cf74d0 is pointing into the stack for thread: 0x000000001b871000
R12=0x0000000000000000 is an unknown value
R13=0x0000000000000140 is an unknown value
R14=0x000000001b871000 is a thread
R15=0x000000001b871000 is a thread


Stack: [0x0000000019c00000,0x0000000019d00000],  sp=0x0000000019cf6db8,  free space=987k
Native frames: (J=compiled Java code, j=interpreted, Vv=VM code, C=native code)
V  [jvm.dll+0x129fb0]

Java frames: (J=compiled Java code, j=interpreted, Vv=VM code)
v  ~RuntimeStub::wrong_method_stub
J 8752 C2 java.util.regex.Pattern.clazz(Z)Ljava/util/regex/Pattern$CharProperty; (405 bytes) @ 0x000000000448595c [0x0000000004484b20+0xe3c]
J 19859 C2 java.util.regex.Pattern.sequence(Ljava/util/regex/Pattern$Node;)Ljava/util/regex/Pattern$Node; (553 bytes) @ 0x00000000051852f4 [0x0000000005184e00+0x4f4]
J 7836 C2 java.util.regex.Pattern.compile()V (406 bytes) @ 0x000000000310fd0c [0x000000000310f960+0x3ac]
J 21447 C2 sun.nio.fs.WindowsFileSystem.getPathMatcher(Ljava/lang/String;)Ljava/nio/file/PathMatcher; (130 bytes) @ 0x0000000004383928 [0x00000000043833c0+0x568]
J 22556 C2 com.android.build.gradle.internal.packaging.ParsedPackagingOptions$$Lambda$162.apply(Ljava/lang/Object;)Ljava/lang/Object; (8 bytes) @ 0x0000000006949474 [0x0000000006949280+0x1f4]
J 22853 C2 java.util.HashMap$KeySpliterator.forEachRemaining(Ljava/util/function/Consumer;)V (186 bytes) @ 0x0000000004b78de8 [0x0000000004b78c40+0x1a8]
J 18308 C2 java.util.stream.AbstractPipeline.wrapAndCopyInto(Ljava/util/stream/Sink;Ljava/util/Spliterator;)Ljava/util/stream/Sink; (18 bytes) @ 0x0000000005a23f98 [0x0000000005a23ce0+0x2b8]
J 24524 C2 java.util.stream.ReduceOps$ReduceOp.evaluateSequential(Ljava/util/stream/PipelineHelper;Ljava/util/Spliterator;)Ljava/lang/Object; (18 bytes) @ 0x00000000036fb048 [0x00000000036faf80+0xc8]
J 27980 C2 java.util.stream.ReferencePipeline.collect(Ljava/util/stream/Collector;)Ljava/lang/Object; (124 bytes) @ 0x0000000003b8adf8 [0x0000000003b8ac60+0x198]
J 22888 C1 com.android.build.gradle.internal.packaging.ParsedPackagingOptions.<init>(Lcom/android/build/gradle/internal/dsl/PackagingOptions;)V (161 bytes) @ 0x00000000040dd8ac [0x00000000040dc8e0+0xfcc]
J 21492 C1 com.android.build.gradle.internal.transforms.MergeJavaResourcesTransform.<init>(Lcom/android/build/gradle/internal/dsl/PackagingOptions;Ljava/util/Set;Lcom/android/build/api/transform/QualifiedContent$ContentType;Ljava/lang/String;)V (93 bytes) @ 0x000000000549a544 [0x000000000549a3c0+0x184]
J 24724 C1 com.android.build.gradle.internal.TaskManager.createProcessJavaResTasks(Lcom/android/build/gradle/internal/TaskFactory;Lcom/android/build/gradle/internal/scope/VariantScope;)V (137 bytes) @ 0x0000000005d4fd54 [0x0000000005d4e2a0+0x1ab4]
j  com.android.build.gradle.internal.TaskManager.createUnitTestVariantTasks(Lcom/android/build/gradle/internal/TaskFactory;Lcom/android/build/gradle/internal/variant/TestVariantData;)V+41
J 28631 C1 com.android.build.gradle.internal.VariantManager.createTasksForVariantData(Lcom/android/build/gradle/internal/TaskFactory;Lcom/android/build/gradle/internal/variant/BaseVariantData;)V (567 bytes) @ 0x000000000772574c [0x000000000771fa00+0x5d4c]
J 24706 C1 com.android.build.gradle.internal.VariantManager$$Lambda$110.call()V (16 bytes) @ 0x00000000032f9aac [0x00000000032f99c0+0xec]
J 30023 C2 com.android.builder.profile.ThreadRecorder.record(Lcom/google/wireless/android/sdk/stats/GradleBuildProfileSpan$ExecutionType;Ljava/lang/String;Ljava/lang/String;Lcom/android/builder/profile/Recorder$VoidBlock;)V (63 bytes) @ 0x00000000057f54dc [0x00000000057f5440+0x9c]
j  com.android.build.gradle.internal.VariantManager.createAndroidTasks()V+166
j  com.android.build.gradle.BasePlugin.lambda$createAndroidTasks$6()V+4
j  com.android.build.gradle.BasePlugin$$Lambda$68.call()V+4
J 30023 C2 com.android.builder.profile.ThreadRecorder.record(Lcom/google/wireless/android/sdk/stats/GradleBuildProfileSpan$ExecutionType;Ljava/lang/String;Ljava/lang/String;Lcom/android/builder/profile/Recorder$VoidBlock;)V (63 bytes) @ 0x00000000057f54dc [0x00000000057f5440+0x9c]
j  com.android.build.gradle.BasePlugin.createAndroidTasks(Z)V+226
j  com.android.build.gradle.BasePlugin.lambda$null$4()V+2
j  com.android.build.gradle.BasePlugin$$Lambda$41.call()V+4
J 30023 C2 com.android.builder.profile.ThreadRecorder.record(Lcom/google/wireless/android/sdk/stats/GradleBuildProfileSpan$ExecutionType;Ljava/lang/String;Ljava/lang/String;Lcom/android/builder/profile/Recorder$VoidBlock;)V (63 bytes) @ 0x00000000057f54dc [0x00000000057f5440+0x9c]
j  com.android.build.gradle.BasePlugin.lambda$createTasks$5(Lorg/gradle/api/Project;)V+20
j  com.android.build.gradle.BasePlugin$$Lambda$40.execute(Ljava/lang/Object;)V+8
J 28654 C1 org.gradle.internal.event.BroadcastDispatch$ActionInvocationHandler.dispatch(Ljava/lang/Object;)V (9 bytes) @ 0x0000000005938ff4 [0x0000000005938bc0+0x434]
J 11299 C2 org.gradle.internal.dispatch.ProxyDispatchAdapter$DispatchingInvocationHandler.invoke(Ljava/lang/Object;Ljava/lang/reflect/Method;[Ljava/lang/Object;)Ljava/lang/Object; (185 bytes) @ 0x00000000042332fc [0x0000000004232260+0x109c]
J 29433 C1 com.sun.proxy.$Proxy16.afterEvaluate(Lorg/gradle/api/Project;Lorg/gradle/api/ProjectState;)V (38 bytes) @ 0x00000000079f097c [0x00000000079f05a0+0x3dc]
j  org.gradle.configuration.project.LifecycleProjectEvaluator.notifyAfterEvaluate(Lorg/gradle/api/ProjectEvaluationListener;Lorg/gradle/api/internal/project/ProjectInternal;Lorg/gradle/api/internal/project/ProjectStateInternal;)V+3
j  org.gradle.configuration.project.LifecycleProjectEvaluator.doConfigure(Lorg/gradle/api/internal/project/ProjectInternal;Lorg/gradle/api/internal/project/ProjectStateInternal;)V+57
j  org.gradle.configuration.project.LifecycleProjectEvaluator.access$000(Lorg/gradle/configuration/project/LifecycleProjectEvaluator;Lorg/gradle/api/internal/project/ProjectInternal;Lorg/gradle/api/internal/project/ProjectStateInternal;)V+3
j  org.gradle.configuration.project.LifecycleProjectEvaluator$1.execute(Lorg/gradle/internal/operations/BuildOperationContext;)V+12
j  org.gradle.configuration.project.LifecycleProjectEvaluator$1.execute(Ljava/lang/Object;)V+5
J 29485 C2 org.gradle.internal.progress.DefaultBuildOperationExecutor.run(Lorg/gradle/internal/progress/BuildOperationDetails;Lorg/gradle/api/Transformer;)Ljava/lang/Object; (477 bytes) @ 0x0000000007a39bbc [0x0000000007a393c0+0x7fc]
J 20359 C1 org.gradle.configuration.project.LifecycleProjectEvaluator.evaluate(Lorg/gradle/api/internal/project/ProjectInternal;Lorg/gradle/api/internal/project/ProjectStateInternal;)V (95 bytes) @ 0x00000000063316a4 [0x00000000063303a0+0x1304]
J 21558 C1 org.gradle.api.internal.artifacts.ivyservice.moduleconverter.dependencies.ProjectIvyDependencyDescriptorFactory.createDependencyDescriptor(Ljava/lang/String;Lorg/gradle/api/attributes/AttributeContainer;Lorg/gradle/api/artifacts/ModuleDependency;)Lorg/gradle/internal/component/local/model/DslOriginDependencyMetadata; (124 bytes) @ 0x00000000058b0804 [0x00000000058b01a0+0x664]
J 20855 C2 org.gradle.api.internal.artifacts.ivyservice.moduleconverter.dependencies.DefaultDependenciesToModuleDescriptorConverter.addDependencies(Lorg/gradle/internal/component/local/model/BuildableLocalComponentMetadata;Lorg/gradle/api/internal/artifacts/configurations/ConfigurationInternal;)V (165 bytes) @ 0x00000000064d28b8 [0x00000000064d1120+0x1798]
J 29293 C2 org.gradle.api.internal.artifacts.ivyservice.moduleconverter.DefaultConfigurationComponentMetaDataBuilder.addConfigurations(Lorg/gradle/internal/component/local/model/BuildableLocalComponentMetadata;Ljava/util/Collection;)V (133 bytes) @ 0x000000000794a1cc [0x0000000007949d00+0x4cc]
J 26642 C1 org.gradle.api.internal.artifacts.configurations.DefaultConfiguration.toRootComponentMetaData()Lorg/gradle/internal/component/model/ComponentResolveMetadata; (98 bytes) @ 0x00000000071d0084 [0x00000000071cf720+0x964]
J 28080 C1 org.gradle.api.internal.artifacts.ivyservice.resolveengine.graph.DependencyGraphBuilder.resolve(Lorg/gradle/api/internal/artifacts/ResolveContext;Lorg/gradle/api/internal/artifacts/ivyservice/resolveengine/graph/DependencyGraphVisitor;)V (120 bytes) @ 0x000000000719f2dc [0x000000000719ec60+0x67c]
J 26620 C1 org.gradle.api.internal.artifacts.ivyservice.resolveengine.DefaultArtifactDependencyResolver.resolve(Lorg/gradle/api/internal/artifacts/ResolveContext;Ljava/util/List;Lorg/gradle/api/internal/artifacts/GlobalDependencyResolutionRules;Lorg/gradle/api/specs/Spec;Lorg/gradle/api/internal/artifacts/ivyservice/resolveengine/graph/DependencyGraphVisitor;Lorg/gradle/api/internal/artifacts/ivyservice/resolveengine/artifact/DependencyArtifactsVisitor;Lorg/gradle/api/attributes/AttributesSchema;)V (107 bytes) @ 0x0000000006a1e8dc [0x0000000006a1d800+0x10dc]
J 26619 C1 org.gradle.api.internal.artifacts.ivyservice.CacheLockingArtifactDependencyResolver$1.run()V (41 bytes) @ 0x0000000005214704 [0x00000000052145c0+0x144]
J 20344 C2 org.gradle.internal.Factories$1.create()Ljava/lang/Object; (11 bytes) @ 0x0000000005c71bc4 [0x0000000005c71b80+0x44]
J 20100 C2 org.gradle.cache.internal.DefaultCacheAccess.useCache(Ljava/lang/String;Ljava/lang/Runnable;)V (11 bytes) @ 0x000000000546242c [0x00000000054620c0+0x36c]
J 21901 C2 org.gradle.api.internal.artifacts.ivyservice.DefaultCacheLockingManager.useCache(Ljava/lang/String;Ljava/lang/Runnable;)V (12 bytes) @ 0x00000000040b3c70 [0x00000000040b3c00+0x70]
J 22573 C1 org.gradle.api.internal.artifacts.ivyservice.CacheLockingArtifactDependencyResolver.resolve(Lorg/gradle/api/internal/artifacts/ResolveContext;Ljava/util/List;Lorg/gradle/api/internal/artifacts/GlobalDependencyResolutionRules;Lorg/gradle/api/specs/Spec;Lorg/gradle/api/internal/artifacts/ivyservice/resolveengine/graph/DependencyGraphVisitor;Lorg/gradle/api/internal/artifacts/ivyservice/resolveengine/artifact/DependencyArtifactsVisitor;Lorg/gradle/api/attributes/AttributesSchema;)V (48 bytes) @ 0x000000000696befc [0x000000000696b5e0+0x91c]
J 20948 C1 org.gradle.api.internal.artifacts.ivyservice.DefaultConfigurationResolver.resolveGraph(Lorg/gradle/api/internal/artifacts/configurations/ConfigurationInternal;Lorg/gradle/api/internal/artifacts/ResolverResults;)V (297 bytes) @ 0x000000000653407c [0x0000000006531260+0x2e1c]
J 21490 C1 org.gradle.api.internal.artifacts.ivyservice.ShortCircuitEmptyConfigurationResolver.resolveGraph(Lorg/gradle/api/internal/artifacts/configurations/ConfigurationInternal;Lorg/gradle/api/internal/artifacts/ResolverResults;)V (35 bytes) @ 0x0000000002c2f47c [0x0000000002c2f180+0x2fc]
J 20166 C1 org.gradle.api.internal.artifacts.ivyservice.ErrorHandlingConfigurationResolver.resolveGraph(Lorg/gradle/api/internal/artifacts/configurations/ConfigurationInternal;Lorg/gradle/api/internal/artifacts/ResolverResults;)V (83 bytes) @ 0x0000000005b19fdc [0x0000000005b19ec0+0x11c]
J 21484 C1 org.gradle.api.internal.artifacts.configurations.DefaultConfiguration$3.execute(Lorg/gradle/internal/operations/BuildOperationContext;)V (126 bytes) @ 0x0000000003947d84 [0x00000000039479e0+0x3a4]
J 20160 C1 org.gradle.api.internal.artifacts.configurations.DefaultConfiguration$3.execute(Ljava/lang/Object;)V (9 bytes) @ 0x0000000005ba0b8c [0x0000000005ba0a00+0x18c]
J 29485 C2 org.gradle.internal.progress.DefaultBuildOperationExecutor.run(Lorg/gradle/internal/progress/BuildOperationDetails;Lorg/gradle/api/Transformer;)Ljava/lang/Object; (477 bytes) @ 0x0000000007a39bbc [0x0000000007a393c0+0x7fc]
J 10596 C1 org.gradle.api.internal.artifacts.configurations.DefaultConfiguration.resolveGraphIfRequired(Lorg/gradle/api/internal/artifacts/configurations/ConfigurationInternal$InternalState;)V (145 bytes) @ 0x00000000049c66c4 [0x00000000049c4500+0x21c4]
J 9988 C1 org.gradle.api.internal.artifacts.configurations.DefaultConfiguration.resolveToStateOrLater(Lorg/gradle/api/internal/artifacts/configurations/ConfigurationInternal$InternalState;)V (52 bytes) @ 0x00000000047ac234 [0x00000000047ac020+0x214]
J 10641 C1 org.gradle.api.internal.artifacts.configurations.DefaultConfiguration_Decorated.getResolvedConfiguration()Lorg/gradle/api/artifacts/ResolvedConfiguration; (38 bytes) @ 0x00000000049f5664 [0x00000000049f5540+0x124]
J 20934 C1 com.android.build.gradle.internal.DependencyManager.collectArtifacts(Lorg/gradle/api/artifacts/Configuration;Ljava/util/Map;)Lorg/gradle/api/artifacts/Configuration; (401 bytes) @ 0x00000000065145fc [0x0000000006514420+0x1dc]
J 20256 C1 com.android.build.gradle.internal.DependencyManager.resolveConfiguration(Lorg/gradle/api/artifacts/Configuration;Lcom/android/build/gradle/internal/dependency/VariantDependencies;Ljava/util/Set;Ljava/util/Set;Ljava/lang/String;Ljava/util/Set;Lcom/android/build/gradle/internal/DependencyManager$ScopeType;)Lcom/android/build/gradle/internal/dependency/DependencyGraph; (516 bytes) @ 0x00000000054ab124 [0x00000000054aaf00+0x224]
J 29557 C1 com.android.build.gradle.internal.DependencyManager.resolveDependencies(Lcom/android/build/gradle/internal/dependency/VariantDependencies;Ljava/lang/String;Ljava/util/Set;)V (236 bytes) @ 0x0000000007a8f68c [0x0000000007a8e600+0x108c]
J 24682 C1 com.android.build.gradle.internal.TaskManager.resolveDependencies(Lcom/android/build/gradle/internal/dependency/VariantDependencies;Ljava/lang/String;)V (19 bytes) @ 0x0000000005bf1a64 [0x0000000005bf1580+0x4e4]
j  com.android.build.gradle.internal.VariantManager.lambda$createVariantData$3(Lcom/android/build/gradle/internal/dependency/VariantDependencies;Ljava/lang/String;)V+6
j  com.android.build.gradle.internal.VariantManager$$Lambda$92.call()V+12
J 30023 C2 com.android.builder.profile.ThreadRecorder.record(Lcom/google/wireless/android/sdk/stats/GradleBuildProfileSpan$ExecutionType;Ljava/lang/String;Ljava/lang/String;Lcom/android/builder/profile/Recorder$VoidBlock;)V (63 bytes) @ 0x00000000057f54dc [0x00000000057f5440+0x9c]
j  com.android.build.gradle.internal.VariantManager.createVariantData(Lcom/android/builder/model/BuildType;Ljava/util/List;)Lcom/android/build/gradle/internal/variant/BaseVariantData;+618
j  com.android.build.gradle.internal.VariantManager.createVariantDataForProductFlavors(Ljava/util/List;)V+375
j  com.android.build.gradle.internal.VariantManager.populateVariantDataList()V+16
j  com.android.build.gradle.internal.VariantManager$$Lambda$69.call()V+4
J 30023 C2 com.android.builder.profile.ThreadRecorder.record(Lcom/google/wireless/android/sdk/stats/GradleBuildProfileSpan$ExecutionType;Ljava/lang/String;Ljava/lang/String;Lcom/android/builder/profile/Recorder$VoidBlock;)V (63 bytes) @ 0x00000000057f54dc [0x00000000057f5440+0x9c]
j  com.android.build.gradle.internal.VariantManager.createAndroidTasks()V+75
j  com.android.build.gradle.BasePlugin.lambda$createAndroidTasks$6()V+4
j  com.android.build.gradle.BasePlugin$$Lambda$68.call()V+4
J 30023 C2 com.android.builder.profile.ThreadRecorder.record(Lcom/google/wireless/android/sdk/stats/GradleBuildProfileSpan$ExecutionType;Ljava/lang/String;Ljava/lang/String;Lcom/android/builder/profile/Recorder$VoidBlock;)V (63 bytes) @ 0x00000000057f54dc [0x00000000057f5440+0x9c]
j  com.android.build.gradle.BasePlugin.createAndroidTasks(Z)V+226
j  com.android.build.gradle.BasePlugin.lambda$null$4()V+2
j  com.android.build.gradle.BasePlugin$$Lambda$41.call()V+4
J 30023 C2 com.android.builder.profile.ThreadRecorder.record(Lcom/google/wireless/android/sdk/stats/GradleBuildProfileSpan$ExecutionType;Ljava/lang/String;Ljava/lang/String;Lcom/android/builder/profile/Recorder$VoidBlock;)V (63 bytes) @ 0x00000000057f54dc [0x00000000057f5440+0x9c]
j  com.android.build.gradle.BasePlugin.lambda$createTasks$5(Lorg/gradle/api/Project;)V+20
j  com.android.build.gradle.BasePlugin$$Lambda$40.execute(Ljava/lang/Object;)V+8
J 28654 C1 org.gradle.internal.event.BroadcastDispatch$ActionInvocationHandler.dispatch(Ljava/lang/Object;)V (9 bytes) @ 0x0000000005938ff4 [0x0000000005938bc0+0x434]
J 11299 C2 org.gradle.internal.dispatch.ProxyDispatchAdapter$DispatchingInvocationHandler.invoke(Ljava/lang/Object;Ljava/lang/reflect/Method;[Ljava/lang/Object;)Ljava/lang/Object; (185 bytes) @ 0x00000000042332fc [0x0000000004232260+0x109c]
J 29433 C1 com.sun.proxy.$Proxy16.afterEvaluate(Lorg/gradle/api/Project;Lorg/gradle/api/ProjectState;)V (38 bytes) @ 0x00000000079f097c [0x00000000079f05a0+0x3dc]
j  org.gradle.configuration.project.LifecycleProjectEvaluator.notifyAfterEvaluate(Lorg/gradle/api/ProjectEvaluationListener;Lorg/gradle/api/internal/project/ProjectInternal;Lorg/gradle/api/internal/project/ProjectStateInternal;)V+3
j  org.gradle.configuration.project.LifecycleProjectEvaluator.doConfigure(Lorg/gradle/api/internal/project/ProjectInternal;Lorg/gradle/api/internal/project/ProjectStateInternal;)V+57
j  org.gradle.configuration.project.LifecycleProjectEvaluator.access$000(Lorg/gradle/configuration/project/LifecycleProjectEvaluator;Lorg/gradle/api/internal/project/ProjectInternal;Lorg/gradle/api/internal/project/ProjectStateInternal;)V+3
j  org.gradle.configuration.project.LifecycleProjectEvaluator$1.execute(Lorg/gradle/internal/operations/BuildOperationContext;)V+12
j  org.gradle.configuration.project.LifecycleProjectEvaluator$1.execute(Ljava/lang/Object;)V+5
J 29485 C2 org.gradle.internal.progress.DefaultBuildOperationExecutor.run(Lorg/gradle/internal/progress/BuildOperationDetails;Lorg/gradle/api/Transformer;)Ljava/lang/Object; (477 bytes) @ 0x0000000007a39bbc [0x0000000007a393c0+0x7fc]
J 20359 C1 org.gradle.configuration.project.LifecycleProjectEvaluator.evaluate(Lorg/gradle/api/internal/project/ProjectInternal;Lorg/gradle/api/internal/project/ProjectStateInternal;)V (95 bytes) @ 0x00000000063316a4 [0x00000000063303a0+0x1304]
J 20653 C1 org.gradle.api.internal.project.DefaultProject.evaluate()Lorg/gradle/api/Project; (5 bytes) @ 0x00000000063e938c [0x00000000063e8dc0+0x5cc]
j  org.gradle.execution.TaskPathProjectEvaluator.configure(Lorg/gradle/api/internal/project/ProjectInternal;)V+21
j  org.gradle.execution.TaskSelector.getSelection(Ljava/lang/String;Lorg/gradle/api/internal/project/ProjectInternal;)Lorg/gradle/execution/TaskSelector$TaskSelection;+29
j  org.gradle.execution.TaskSelector.getSelection(Ljava/lang/String;Ljava/io/File;Ljava/lang/String;)Lorg/gradle/execution/TaskSelector$TaskSelection;+46
j  org.gradle.execution.commandline.CommandLineTaskParser.parseTasks(Lorg/gradle/TaskExecutionRequest;)Ljava/util/List;+57
j  org.gradle.execution.TaskNameResolvingBuildConfigurationAction.configure(Lorg/gradle/execution/BuildExecutionContext;)V+62
j  org.gradle.execution.DefaultBuildConfigurationActionExecuter.configure(Ljava/util/List;Lorg/gradle/api/internal/GradleInternal;I)V+32
j  org.gradle.execution.DefaultBuildConfigurationActionExecuter.access$000(Lorg/gradle/execution/DefaultBuildConfigurationActionExecuter;Ljava/util/List;Lorg/gradle/api/internal/GradleInternal;I)V+4
j  org.gradle.execution.DefaultBuildConfigurationActionExecuter$1.proceed()V+18
j  org.gradle.execution.DefaultTasksBuildExecutionAction.configure(Lorg/gradle/execution/BuildExecutionContext;)V+58
j  org.gradle.execution.DefaultBuildConfigurationActionExecuter.configure(Ljava/util/List;Lorg/gradle/api/internal/GradleInternal;I)V+32
j  org.gradle.execution.DefaultBuildConfigurationActionExecuter.access$000(Lorg/gradle/execution/DefaultBuildConfigurationActionExecuter;Ljava/util/List;Lorg/gradle/api/internal/GradleInternal;I)V+4
j  org.gradle.execution.DefaultBuildConfigurationActionExecuter$1.proceed()V+18
j  org.gradle.execution.ExcludedTaskFilteringBuildConfigurationAction.configure(Lorg/gradle/execution/BuildExecutionContext;)V+102
j  org.gradle.execution.DefaultBuildConfigurationActionExecuter.configure(Ljava/util/List;Lorg/gradle/api/internal/GradleInternal;I)V+32
j  org.gradle.execution.DefaultBuildConfigurationActionExecuter.select(Lorg/gradle/api/internal/GradleInternal;)V+29
j  org.gradle.initialization.DefaultGradleLauncher$2.execute(Lorg/gradle/internal/operations/BuildOperationContext;)V+14
j  org.gradle.initialization.DefaultGradleLauncher$2.execute(Ljava/lang/Object;)V+5
J 29485 C2 org.gradle.internal.progress.DefaultBuildOperationExecutor.run(Lorg/gradle/internal/progress/BuildOperationDetails;Lorg/gradle/api/Transformer;)Ljava/lang/Object; (477 bytes) @ 0x0000000007a39bbc [0x0000000007a393c0+0x7fc]
J 20983 C1 org.gradle.internal.progress.DefaultBuildOperationExecutor.run(Ljava/lang/String;Lorg/gradle/api/Action;)V (17 bytes) @ 0x00000000065498ec [0x0000000006549460+0x48c]
j  org.gradle.initialization.DefaultGradleLauncher.doBuildStages(Lorg/gradle/initialization/DefaultGradleLauncher$Stage;)V+135
j  org.gradle.initialization.DefaultGradleLauncher.doBuild(Lorg/gradle/initialization/DefaultGradleLauncher$Stage;)Lorg/gradle/BuildResult;+17
j  org.gradle.initialization.DefaultGradleLauncher.run()Lorg/gradle/BuildResult;+4
j  org.gradle.launcher.exec.GradleBuildController.run()Lorg/gradle/api/internal/GradleInternal;+4
j  org.gradle.tooling.internal.provider.runner.BuildModelActionRunner.run(Lorg/gradle/internal/invocation/BuildAction;Lorg/gradle/internal/invocation/BuildController;)V+48
j  org.gradle.launcher.exec.ChainingBuildActionRunner.run(Lorg/gradle/internal/invocation/BuildAction;Lorg/gradle/internal/invocation/BuildController;)V+34
j  org.gradle.tooling.internal.provider.runner.RunAsBuildOperationBuildActionRunner$1.execute(Lorg/gradle/internal/operations/BuildOperationContext;)V+15
j  org.gradle.tooling.internal.provider.runner.RunAsBuildOperationBuildActionRunner$1.execute(Ljava/lang/Object;)V+5
J 29485 C2 org.gradle.internal.progress.DefaultBuildOperationExecutor.run(Lorg/gradle/internal/progress/BuildOperationDetails;Lorg/gradle/api/Transformer;)Ljava/lang/Object; (477 bytes) @ 0x0000000007a39bbc [0x0000000007a393c0+0x7fc]
J 20983 C1 org.gradle.internal.progress.DefaultBuildOperationExecutor.run(Ljava/lang/String;Lorg/gradle/api/Action;)V (17 bytes) @ 0x00000000065498ec [0x0000000006549460+0x48c]
j  org.gradle.tooling.internal.provider.runner.RunAsBuildOperationBuildActionRunner.run(Lorg/gradle/internal/invocation/BuildAction;Lorg/gradle/internal/invocation/BuildController;)V+16
j  org.gradle.tooling.internal.provider.runner.SubscribableBuildActionRunner.run(Lorg/gradle/internal/invocation/BuildAction;Lorg/gradle/internal/invocation/BuildController;)V+38
j  org.gradle.launcher.exec.ChainingBuildActionRunner.run(Lorg/gradle/internal/invocation/BuildAction;Lorg/gradle/internal/invocation/BuildController;)V+34
j  org.gradle.launcher.exec.InProcessBuildActionExecuter.execute(Lorg/gradle/internal/invocation/BuildAction;Lorg/gradle/initialization/BuildRequestContext;Lorg/gradle/launcher/exec/BuildActionParameters;Lorg/gradle/internal/service/ServiceRegistry;)Ljava/lang/Object;+64
j  org.gradle.launcher.exec.InProcessBuildActionExecuter.execute(Lorg/gradle/internal/invocation/BuildAction;Lorg/gradle/initialization/BuildRequestContext;Ljava/lang/Object;Lorg/gradle/internal/service/ServiceRegistry;)Ljava/lang/Object;+9
j  org.gradle.tooling.internal.provider.ContinuousBuildActionExecuter.execute(Lorg/gradle/internal/invocation/BuildAction;Lorg/gradle/initialization/BuildRequestContext;Lorg/gradle/launcher/exec/BuildActionParameters;Lorg/gradle/internal/service/ServiceRegistry;)Ljava/lang/Object;+28
j  org.gradle.tooling.internal.provider.ContinuousBuildActionExecuter.execute(Lorg/gradle/internal/invocation/BuildAction;Lorg/gradle/initialization/BuildRequestContext;Ljava/lang/Object;Lorg/gradle/internal/service/ServiceRegistry;)Ljava/lang/Object;+9
j  org.gradle.tooling.internal.provider.ServicesSetupBuildActionExecuter.execute(Lorg/gradle/internal/invocation/BuildAction;Lorg/gradle/initialization/BuildRequestContext;Lorg/gradle/launcher/exec/BuildActionParameters;Lorg/gradle/internal/service/ServiceRegistry;)Ljava/lang/Object;+52
j  org.gradle.tooling.internal.provider.ServicesSetupBuildActionExecuter.execute(Lorg/gradle/internal/invocation/BuildAction;Lorg/gradle/initialization/BuildRequestContext;Ljava/lang/Object;Lorg/gradle/internal/service/ServiceRegistry;)Ljava/lang/Object;+9
j  org.gradle.launcher.daemon.server.exec.ExecuteBuild.doBuild(Lorg/gradle/launcher/daemon/server/api/DaemonCommandExecution;Lorg/gradle/launcher/daemon/protocol/Build;)V+114
j  org.gradle.launcher.daemon.server.exec.BuildCommandOnly.execute(Lorg/gradle/launcher/daemon/server/api/DaemonCommandExecution;)V+49
J 28945 C1 org.gradle.launcher.daemon.server.api.DaemonCommandExecution.proceed()Z (35 bytes) @ 0x0000000004a4e4d4 [0x0000000004a4e120+0x3b4]
j  org.gradle.launcher.daemon.server.exec.WatchForDisconnection.execute(Lorg/gradle/launcher/daemon/server/api/DaemonCommandExecution;)V+19
J 28945 C1 org.gradle.launcher.daemon.server.api.DaemonCommandExecution.proceed()Z (35 bytes) @ 0x0000000004a4e4d4 [0x0000000004a4e120+0x3b4]
j  org.gradle.launcher.daemon.server.exec.ResetDeprecationLogger.execute(Lorg/gradle/launcher/daemon/server/api/DaemonCommandExecution;)V+4
J 28945 C1 org.gradle.launcher.daemon.server.api.DaemonCommandExecution.proceed()Z (35 bytes) @ 0x0000000004a4e4d4 [0x0000000004a4e120+0x3b4]
j  org.gradle.launcher.daemon.server.exec.RequestStopIfSingleUsedDaemon.execute(Lorg/gradle/launcher/daemon/server/api/DaemonCommandExecution;)V+33
J 28945 C1 org.gradle.launcher.daemon.server.api.DaemonCommandExecution.proceed()Z (35 bytes) @ 0x0000000004a4e4d4 [0x0000000004a4e120+0x3b4]
j  org.gradle.launcher.daemon.server.exec.ForwardClientInput$2.call()Ljava/lang/Void;+4
j  org.gradle.launcher.daemon.server.exec.ForwardClientInput$2.call()Ljava/lang/Object;+1
j  org.gradle.util.Swapper.swap(Ljava/lang/Object;Ljava/util/concurrent/Callable;)Ljava/lang/Object;+21
j  org.gradle.launcher.daemon.server.exec.ForwardClientInput.execute(Lorg/gradle/launcher/daemon/server/api/DaemonCommandExecution;)V+63
J 28945 C1 org.gradle.launcher.daemon.server.api.DaemonCommandExecution.proceed()Z (35 bytes) @ 0x0000000004a4e4d4 [0x0000000004a4e120+0x3b4]
j  org.gradle.launcher.daemon.server.exec.LogAndCheckHealth.execute(Lorg/gradle/launcher/daemon/server/api/DaemonCommandExecution;)V+28
J 28945 C1 org.gradle.launcher.daemon.server.api.DaemonCommandExecution.proceed()Z (35 bytes) @ 0x0000000004a4e4d4 [0x0000000004a4e120+0x3b4]
j  org.gradle.launcher.daemon.server.exec.LogToClient.doBuild(Lorg/gradle/launcher/daemon/server/api/DaemonCommandExecution;Lorg/gradle/launcher/daemon/protocol/Build;)V+87
j  org.gradle.launcher.daemon.server.exec.BuildCommandOnly.execute(Lorg/gradle/launcher/daemon/server/api/DaemonCommandExecution;)V+49
J 28945 C1 org.gradle.launcher.daemon.server.api.DaemonCommandExecution.proceed()Z (35 bytes) @ 0x0000000004a4e4d4 [0x0000000004a4e120+0x3b4]
j  org.gradle.launcher.daemon.server.exec.EstablishBuildEnvironment.doBuild(Lorg/gradle/launcher/daemon/server/api/DaemonCommandExecution;Lorg/gradle/launcher/daemon/protocol/Build;)V+279
j  org.gradle.launcher.daemon.server.exec.BuildCommandOnly.execute(Lorg/gradle/launcher/daemon/server/api/DaemonCommandExecution;)V+49
J 28945 C1 org.gradle.launcher.daemon.server.api.DaemonCommandExecution.proceed()Z (35 bytes) @ 0x0000000004a4e4d4 [0x0000000004a4e120+0x3b4]
j  org.gradle.launcher.daemon.server.exec.StartBuildOrRespondWithBusy$1.run()V+44
j  org.gradle.launcher.daemon.server.DaemonStateCoordinator$1.run()V+4
J 27905 C1 org.gradle.internal.concurrent.StoppableExecutorImpl$1.run()V (59 bytes) @ 0x00000000075add9c [0x00000000075ad880+0x51c]
J 21878 C1 java.util.concurrent.ThreadPoolExecutor.runWorker(Ljava/util/concurrent/ThreadPoolExecutor$Worker;)V (225 bytes) @ 0x00000000040c9564 [0x00000000040c8520+0x1044]
J 27492 C1 java.util.concurrent.ThreadPoolExecutor$Worker.run()V (9 bytes) @ 0x0000000003d0fb84 [0x0000000003d0fa80+0x104]
J 27013 C1 java.lang.Thread.run()V (17 bytes) @ 0x0000000002cdfe84 [0x0000000002cdfd40+0x144]
v  ~StubRoutines::call_stub

---------------  P R O C E S S  ---------------

Java Threads: ( => current thread )
  0x000000001b87a800 JavaThread "Stdin handler" [_thread_blocked, id=9628, stack(0x000000001a000000,0x000000001a100000)]
  0x000000001b879000 JavaThread "Asynchronous log dispatcher for DefaultDaemonConnection: socket connection from /127.0.0.1:49905 to /127.0.0.1:50536" [_thread_blocked, id=8976, stack(0x0000000019f00000,0x000000001a000000)]
=>0x000000001b871000 JavaThread "Daemon worker Thread 21" [_thread_in_vm, id=5328, stack(0x0000000019c00000,0x0000000019d00000)]
  0x000000001b86f800 JavaThread "Cancel handler" [_thread_blocked, id=8204, stack(0x0000000019900000,0x0000000019a00000)]
  0x000000001b86e800 JavaThread "Handler for socket connection from /127.0.0.1:49905 to /127.0.0.1:50536" [_thread_in_native, id=7384, stack(0x00000000026d0000,0x00000000027d0000)]
  0x000000001b874000 JavaThread "Daemon Thread 21" [_thread_blocked, id=2936, stack(0x0000000000ce0000,0x0000000000de0000)]
  0x000000001b870000 JavaThread "pool-10-thread-4" [_thread_blocked, id=8268, stack(0x00000000222f0000,0x00000000223f0000)]
  0x000000001b876000 JavaThread "pool-10-thread-3" [_thread_blocked, id=4232, stack(0x00000000227f0000,0x00000000228f0000)]
  0x000000001b87a000 JavaThread "pool-10-thread-2" [_thread_blocked, id=6100, stack(0x00000000223f0000,0x00000000224f0000)]
  0x000000001b86d000 JavaThread "pool-10-thread-1" [_thread_blocked, id=8148, stack(0x00000000221f0000,0x00000000222f0000)]
  0x000000001b871800 JavaThread "Java2D Disposer" daemon [_thread_blocked, id=8556, stack(0x00000000218c0000,0x00000000219c0000)]
  0x00000000188ff000 JavaThread "File lock request listener" [_thread_in_native, id=8128, stack(0x000000001b2d0000,0x000000001b3d0000)]
  0x0000000018539800 JavaThread "Incoming local TCP Connector on port 49905" [_thread_in_native, id=7576, stack(0x0000000019720000,0x0000000019820000)]
  0x00000000182f9000 JavaThread "pool-1-thread-1" [_thread_blocked, id=4916, stack(0x0000000019420000,0x0000000019520000)]
  0x0000000016159000 JavaThread "Service Thread" daemon [_thread_blocked, id=6472, stack(0x0000000017310000,0x0000000017410000)]
  0x00000000160f5800 JavaThread "C1 CompilerThread1" daemon [_thread_blocked, id=5504, stack(0x0000000017210000,0x0000000017310000)]
  0x0000000016105000 JavaThread "C2 CompilerThread0" daemon [_thread_blocked, id=2932, stack(0x0000000017110000,0x0000000017210000)]
  0x0000000016103800 JavaThread "Attach Listener" daemon [_thread_blocked, id=7268, stack(0x0000000017010000,0x0000000017110000)]
  0x0000000016100800 JavaThread "Signal Dispatcher" daemon [_thread_blocked, id=1892, stack(0x0000000016f10000,0x0000000017010000)]
  0x00000000029c1800 JavaThread "Finalizer" daemon [_thread_blocked, id=7352, stack(0x0000000016d30000,0x0000000016e30000)]
  0x00000000029bc800 JavaThread "Reference Handler" daemon [_thread_blocked, id=7744, stack(0x0000000016c30000,0x0000000016d30000)]
  0x00000000028d0800 JavaThread "main" [_thread_blocked, id=3728, stack(0x00000000027d0000,0x00000000028d0000)]

Other Threads:
  0x00000000160c6000 VMThread [stack: 0x0000000016b30000,0x0000000016c30000] [id=5916]
  0x000000001615e000 WatcherThread [stack: 0x0000000017410000,0x0000000017510000] [id=7376]

VM state:not at safepoint (normal execution)

VM Mutex/Monitor currently owned by a thread: None

Heap:
 PSYoungGen      total 454144K, used 91751K [0x00000000e0000000, 0x0000000100000000, 0x0000000100000000)
  eden space 401408K, 20% used [0x00000000e0000000,0x00000000e5066a50,0x00000000f8800000)
  from space 52736K, 17% used [0x00000000fcc80000,0x00000000fd5b3210,0x0000000100000000)
  to   space 61440K, 0% used [0x00000000f8800000,0x00000000f8800000,0x00000000fc400000)
 ParOldGen       total 231424K, used 171439K [0x00000000a0000000, 0x00000000ae200000, 0x00000000e0000000)
  object space 231424K, 74% used [0x00000000a0000000,0x00000000aa76bc60,0x00000000ae200000)
 Metaspace       used 96958K, capacity 105494K, committed 106072K, reserved 1140736K
  class space    used 12441K, capacity 13577K, committed 13912K, reserved 1048576K

Card table byte_map: [0x0000000011d90000,0x00000000120a0000] byte_map_base: 0x0000000011890000

Marking Bits: (ParMarkBitMap*) 0x000000006bb0a6d0
 Begin Bits: [0x00000000124a0000, 0x0000000013ca0000)
 End Bits:   [0x0000000013ca0000, 0x00000000154a0000)

Polling page: 0x0000000000e50000

CodeCache: size=245760Kb used=83681Kb max_used=83871Kb free=162078Kb
 bounds [0x00000000029d0000, 0x0000000007c40000, 0x00000000119d0000]
 total_blobs=22506 nmethods=21586 adapters=829
 compilation: enabled

Compilation events (10 events):
Event: 19124.892 Thread 0x00000000160f5800 30183       1       com.android.repository.impl.meta.RepositoryPackages::getLocalPackages (5 bytes)
Event: 19124.892 Thread 0x00000000160f5800 nmethod 30183 0x0000000003d7e490 code [0x0000000003d7e5e0, 0x0000000003d7e6f0]
Event: 19125.025 Thread 0x00000000160f5800 30184       3       org.gradle.api.logging.LogLevel::values (10 bytes)
Event: 19125.026 Thread 0x00000000160f5800 nmethod 30184 0x00000000056567d0 code [0x0000000005656940, 0x0000000005656c28]
Event: 19125.044 Thread 0x0000000016105000 30185       4       java.util.regex.ASCII::toUpper (16 bytes)
Event: 19125.045 Thread 0x0000000016105000 nmethod 30185 0x0000000004a14b90 code [0x0000000004a14cc0, 0x0000000004a14d38]
Event: 19125.050 Thread 0x00000000160f5800 30186       3       org.gradle.api.tasks.bundling.AbstractArchiveTask::setDestinationDir (6 bytes)
Event: 19125.051 Thread 0x00000000160f5800 nmethod 30186 0x0000000004a54f10 code [0x0000000004a55060, 0x0000000004a551d0]
Event: 19125.051 Thread 0x00000000160f5800 30187       3       org.gradle.api.tasks.bundling.AbstractArchiveTask::setArchiveName (6 bytes)
Event: 19125.051 Thread 0x00000000160f5800 nmethod 30187 0x0000000005aaac10 code [0x0000000005aaad60, 0x0000000005aaaed0]

GC Heap History (10 events):
Event: 16371.400 GC heap before
{Heap before GC invocations=152 (full 16):
 PSYoungGen      total 462848K, used 406592K [0x00000000e0000000, 0x00000000ffb80000, 0x0000000100000000)
  eden space 406528K, 100% used [0x00000000e0000000,0x00000000f8d00000,0x00000000f8d00000)
  from space 56320K, 0% used [0x00000000f8d00000,0x00000000f8d10000,0x00000000fc400000)
  to   space 54272K, 0% used [0x00000000fc680000,0x00000000fc680000,0x00000000ffb80000)
 ParOldGen       total 231424K, used 113128K [0x00000000a0000000, 0x00000000ae200000, 0x00000000e0000000)
  object space 231424K, 48% used [0x00000000a0000000,0x00000000a6e7a038,0x00000000ae200000)
 Metaspace       used 96536K, capacity 104708K, committed 105816K, reserved 1140736K
  class space    used 12377K, capacity 13488K, committed 13912K, reserved 1048576K
Event: 16371.417 GC heap after
Heap after GC invocations=152 (full 16):
 PSYoungGen      total 463360K, used 10027K [0x00000000e0000000, 0x00000000ff700000, 0x0000000100000000)
  eden space 413696K, 0% used [0x00000000e0000000,0x00000000e0000000,0x00000000f9400000)
  from space 49664K, 20% used [0x00000000fc680000,0x00000000fd04ac50,0x00000000ff700000)
  to   space 50688K, 0% used [0x00000000f9400000,0x00000000f9400000,0x00000000fc580000)
 ParOldGen       total 231424K, used 113160K [0x00000000a0000000, 0x00000000ae200000, 0x00000000e0000000)
  object space 231424K, 48% used [0x00000000a0000000,0x00000000a6e82038,0x00000000ae200000)
 Metaspace       used 96536K, capacity 104708K, committed 105816K, reserved 1140736K
  class space    used 12377K, capacity 13488K, committed 13912K, reserved 1048576K
}
Event: 16383.069 GC heap before
{Heap before GC invocations=153 (full 16):
 PSYoungGen      total 463360K, used 423723K [0x00000000e0000000, 0x00000000ff700000, 0x0000000100000000)
  eden space 413696K, 100% used [0x00000000e0000000,0x00000000f9400000,0x00000000f9400000)
  from space 49664K, 20% used [0x00000000fc680000,0x00000000fd04ac50,0x00000000ff700000)
  to   space 50688K, 0% used [0x00000000f9400000,0x00000000f9400000,0x00000000fc580000)
 ParOldGen       total 231424K, used 113160K [0x00000000a0000000, 0x00000000ae200000, 0x00000000e0000000)
  object space 231424K, 48% used [0x00000000a0000000,0x00000000a6e82038,0x00000000ae200000)
 Metaspace       used 96602K, capacity 104868K, committed 105816K, reserved 1140736K
  class space    used 12387K, capacity 13504K, committed 13912K, reserved 1048576K
Event: 16383.107 GC heap after
Heap after GC invocations=153 (full 16):
 PSYoungGen      total 464384K, used 15090K [0x00000000e0000000, 0x00000000ffc00000, 0x0000000100000000)
  eden space 413696K, 0% used [0x00000000e0000000,0x00000000e0000000,0x00000000f9400000)
  from space 50688K, 29% used [0x00000000f9400000,0x00000000fa2bc948,0x00000000fc580000)
  to   space 48128K, 0% used [0x00000000fcd00000,0x00000000fcd00000,0x00000000ffc00000)
 ParOldGen       total 231424K, used 122735K [0x00000000a0000000, 0x00000000ae200000, 0x00000000e0000000)
  object space 231424K, 53% used [0x00000000a0000000,0x00000000a77dbde0,0x00000000ae200000)
 Metaspace       used 96602K, capacity 104868K, committed 105816K, reserved 1140736K
  class space    used 12387K, capacity 13504K, committed 13912K, reserved 1048576K
}
Event: 16420.413 GC heap before
{Heap before GC invocations=154 (full 16):
 PSYoungGen      total 464384K, used 428786K [0x00000000e0000000, 0x00000000ffc00000, 0x0000000100000000)
  eden space 413696K, 100% used [0x00000000e0000000,0x00000000f9400000,0x00000000f9400000)
  from space 50688K, 29% used [0x00000000f9400000,0x00000000fa2bc948,0x00000000fc580000)
  to   space 48128K, 0% used [0x00000000fcd00000,0x00000000fcd00000,0x00000000ffc00000)
 ParOldGen       total 231424K, used 122735K [0x00000000a0000000, 0x00000000ae200000, 0x00000000e0000000)
  object space 231424K, 53% used [0x00000000a0000000,0x00000000a77dbde0,0x00000000ae200000)
 Metaspace       used 96677K, capacity 105024K, committed 106072K, reserved 1140736K
  class space    used 12395K, capacity 13512K, committed 13912K, reserved 1048576K
Event: 16420.447 GC heap after
Heap after GC invocations=154 (full 16):
 PSYoungGen      total 471040K, used 17580K [0x00000000e0000000, 0x00000000ff980000, 0x0000000100000000)
  eden space 425472K, 0% used [0x00000000e0000000,0x00000000e0000000,0x00000000f9f80000)
  from space 45568K, 38% used [0x00000000fcd00000,0x00000000fde2b198,0x00000000ff980000)
  to   space 46080K, 0% used [0x00000000f9f80000,0x00000000f9f80000,0x00000000fcc80000)
 ParOldGen       total 231424K, used 129316K [0x00000000a0000000, 0x00000000ae200000, 0x00000000e0000000)
  object space 231424K, 55% used [0x00000000a0000000,0x00000000a7e492f0,0x00000000ae200000)
 Metaspace       used 96677K, capacity 105024K, committed 106072K, reserved 1140736K
  class space    used 12395K, capacity 13512K, committed 13912K, reserved 1048576K
}
Event: 16752.242 GC heap before
{Heap before GC invocations=155 (full 16):
 PSYoungGen      total 471040K, used 443052K [0x00000000e0000000, 0x00000000ff980000, 0x0000000100000000)
  eden space 425472K, 100% used [0x00000000e0000000,0x00000000f9f80000,0x00000000f9f80000)
  from space 45568K, 38% used [0x00000000fcd00000,0x00000000fde2b198,0x00000000ff980000)
  to   space 46080K, 0% used [0x00000000f9f80000,0x00000000f9f80000,0x00000000fcc80000)
 ParOldGen       total 231424K, used 129316K [0x00000000a0000000, 0x00000000ae200000, 0x00000000e0000000)
  object space 231424K, 55% used [0x00000000a0000000,0x00000000a7e492f0,0x00000000ae200000)
 Metaspace       used 96858K, capacity 105310K, committed 106072K, reserved 1140736K
  class space    used 12422K, capacity 13553K, committed 13912K, reserved 1048576K
Event: 16752.435 GC heap after
Heap after GC invocations=155 (full 16):
 PSYoungGen      total 471552K, used 46062K [0x00000000e0000000, 0x0000000100000000, 0x0000000100000000)
  eden space 425472K, 0% used [0x00000000e0000000,0x00000000e0000000,0x00000000f9f80000)
  from space 46080K, 99% used [0x00000000f9f80000,0x00000000fcc7b9d0,0x00000000fcc80000)
  to   space 52736K, 0% used [0x00000000fcc80000,0x00000000fcc80000,0x0000000100000000)
 ParOldGen       total 231424K, used 153928K [0x00000000a0000000, 0x00000000ae200000, 0x00000000e0000000)
  object space 231424K, 66% used [0x00000000a0000000,0x00000000a96520f8,0x00000000ae200000)
 Metaspace       used 96858K, capacity 105310K, committed 106072K, reserved 1140736K
  class space    used 12422K, capacity 13553K, committed 13912K, reserved 1048576K
}
Event: 18902.113 GC heap before
{Heap before GC invocations=156 (full 16):
 PSYoungGen      total 471552K, used 471534K [0x00000000e0000000, 0x0000000100000000, 0x0000000100000000)
  eden space 425472K, 100% used [0x00000000e0000000,0x00000000f9f80000,0x00000000f9f80000)
  from space 46080K, 99% used [0x00000000f9f80000,0x00000000fcc7b9d0,0x00000000fcc80000)
  to   space 52736K, 0% used [0x00000000fcc80000,0x00000000fcc80000,0x0000000100000000)
 ParOldGen       total 231424K, used 153928K [0x00000000a0000000, 0x00000000ae200000, 0x00000000e0000000)
  object space 231424K, 66% used [0x00000000a0000000,0x00000000a96520f8,0x00000000ae200000)
 Metaspace       used 96915K, capacity 105406K, committed 106072K, reserved 1140736K
  class space    used 12433K, capacity 13569K, committed 13912K, reserved 1048576K
Event: 18902.534 GC heap after
Heap after GC invocations=156 (full 16):
 PSYoungGen      total 454144K, used 9420K [0x00000000e0000000, 0x0000000100000000, 0x0000000100000000)
  eden space 401408K, 0% used [0x00000000e0000000,0x00000000e0000000,0x00000000f8800000)
  from space 52736K, 17% used [0x00000000fcc80000,0x00000000fd5b3210,0x0000000100000000)
  to   space 61440K, 0% used [0x00000000f8800000,0x00000000f8800000,0x00000000fc400000)
 ParOldGen       total 231424K, used 171439K [0x00000000a0000000, 0x00000000ae200000, 0x00000000e0000000)
  object space 231424K, 74% used [0x00000000a0000000,0x00000000aa76bc60,0x00000000ae200000)
 Metaspace       used 96915K, capacity 105406K, committed 106072K, reserved 1140736K
  class space    used 12433K, capacity 13569K, committed 13912K, reserved 1048576K
}

Deoptimization events (10 events):
Event: 15982.578 Thread 0x000000001b86e800 Uncommon trap: reason=unstable_if action=reinterpret pc=0x00000000031ab384 method=java.text.DigitList.set(ZJI)V @ 8
Event: 15982.578 Thread 0x000000001b86e800 Uncommon trap: reason=unstable_if action=reinterpret pc=0x00000000042b8720 method=java.text.DigitList.isZero()Z @ 7
Event: 16040.491 Thread 0x000000001b86e800 Uncommon trap: reason=class_check action=maybe_recompile pc=0x0000000005af7f8c method=sun.nio.cs.ThreadLocalCoders$1.hasName(Ljava/lang/Object;Ljava/lang/Object;)Z @ 8
Event: 16258.374 Thread 0x00000000188ff800 Uncommon trap: reason=class_check action=maybe_recompile pc=0x00000000074cc5cc method=sun.misc.URLClassPath$1.next()Z @ 46
Event: 16271.079 Thread 0x00000000188ff800 Uncommon trap: reason=class_check action=maybe_recompile pc=0x0000000007938528 method=java.util.stream.SortedOps$OfRef.<init>(Ljava/util/stream/AbstractPipeline;Ljava/util/Comparator;)V @ 25
Event: 16373.579 Thread 0x000000001b87a800 Uncommon trap: reason=class_check action=maybe_recompile pc=0x00000000074cc5cc method=sun.misc.URLClassPath$1.next()Z @ 46
Event: 16383.571 Thread 0x000000001b87a800 Uncommon trap: reason=class_check action=maybe_recompile pc=0x0000000007938528 method=java.util.stream.SortedOps$OfRef.<init>(Ljava/util/stream/AbstractPipeline;Ljava/util/Comparator;)V @ 25
Event: 16751.847 Thread 0x0000000018903800 Uncommon trap: reason=class_check action=maybe_recompile pc=0x00000000070214e4 method=sun.misc.URLClassPath$1.next()Z @ 46
Event: 16761.298 Thread 0x0000000018903800 Uncommon trap: reason=class_check action=maybe_recompile pc=0x0000000007938528 method=java.util.stream.SortedOps$OfRef.<init>(Ljava/util/stream/AbstractPipeline;Ljava/util/Comparator;)V @ 25
Event: 19124.533 Thread 0x000000001b871000 Uncommon trap: reason=null_check action=make_not_entrant pc=0x0000000007c2ee7c method=org.gradle.api.internal.artifacts.ivyservice.ivyresolve.parser.GradlePomModuleDescriptorParser.isDependencyImportScoped(Lorg/gradle/api/internal/artifacts/ivyservice/ivy

Internal exceptions (10 events):
Event: 19124.765 Thread 0x000000001b871000 Exception <a 'sun/nio/fs/WindowsException'> (0x00000000e31b1b10) thrown at [C:\re\workspace\8-2-build-windows-amd64-cygwin\jdk8u112\7884\hotspot\src\share\vm\prims\jni.cpp, line 709]
Event: 19124.765 Thread 0x000000001b871000 Exception <a 'sun/nio/fs/WindowsException'> (0x00000000e31b2768) thrown at [C:\re\workspace\8-2-build-windows-amd64-cygwin\jdk8u112\7884\hotspot\src\share\vm\prims\jni.cpp, line 709]
Event: 19124.765 Thread 0x000000001b871000 Exception <a 'sun/nio/fs/WindowsException'> (0x00000000e31b64f0) thrown at [C:\re\workspace\8-2-build-windows-amd64-cygwin\jdk8u112\7884\hotspot\src\share\vm\prims\jni.cpp, line 709]
Event: 19124.765 Thread 0x000000001b871000 Exception <a 'sun/nio/fs/WindowsException'> (0x00000000e31b7100) thrown at [C:\re\workspace\8-2-build-windows-amd64-cygwin\jdk8u112\7884\hotspot\src\share\vm\prims\jni.cpp, line 709]
Event: 19124.766 Thread 0x000000001b871000 Exception <a 'sun/nio/fs/WindowsException'> (0x00000000e31b8d40) thrown at [C:\re\workspace\8-2-build-windows-amd64-cygwin\jdk8u112\7884\hotspot\src\share\vm\prims\jni.cpp, line 709]
Event: 19124.766 Thread 0x000000001b871000 Exception <a 'sun/nio/fs/WindowsException'> (0x00000000e31b9990) thrown at [C:\re\workspace\8-2-build-windows-amd64-cygwin\jdk8u112\7884\hotspot\src\share\vm\prims\jni.cpp, line 709]
Event: 19124.766 Thread 0x000000001b871000 Exception <a 'sun/nio/fs/WindowsException'> (0x00000000e31bd4b8) thrown at [C:\re\workspace\8-2-build-windows-amd64-cygwin\jdk8u112\7884\hotspot\src\share\vm\prims\jni.cpp, line 709]
Event: 19124.766 Thread 0x000000001b871000 Exception <a 'sun/nio/fs/WindowsException'> (0x00000000e31bdf88) thrown at [C:\re\workspace\8-2-build-windows-amd64-cygwin\jdk8u112\7884\hotspot\src\share\vm\prims\jni.cpp, line 709]
Event: 19124.766 Thread 0x000000001b871000 Exception <a 'sun/nio/fs/WindowsException'> (0x00000000e31bfa88) thrown at [C:\re\workspace\8-2-build-windows-amd64-cygwin\jdk8u112\7884\hotspot\src\share\vm\prims\jni.cpp, line 709]
Event: 19124.766 Thread 0x000000001b871000 Exception <a 'sun/nio/fs/WindowsException'> (0x00000000e31c0598) thrown at [C:\re\workspace\8-2-build-windows-amd64-cygwin\jdk8u112\7884\hotspot\src\share\vm\prims\jni.cpp, line 709]

Events (10 events):
Event: 19124.846 Thread 0x00000000160f5800 flushing nmethod 0x0000000005940110
Event: 19124.846 Thread 0x00000000160f5800 flushing nmethod 0x0000000005946290
Event: 19124.847 Thread 0x00000000160f5800 flushing nmethod 0x0000000005a29b50
Event: 19124.848 Thread 0x00000000160f5800 flushing nmethod 0x0000000005aaac10
Event: 19124.857 Thread 0x00000000160f5800 flushing nmethod 0x0000000005bffed0
Event: 19124.858 Thread 0x00000000160f5800 flushing nmethod 0x0000000005d7c490
Event: 19124.860 Thread 0x00000000160f5800 flushing nmethod 0x0000000005e6df50
Event: 19124.896 Thread 0x00000000160f5800 flushing nmethod 0x0000000007014810
Event: 19125.029 Thread 0x00000000160f5800 flushing nmethod 0x0000000007416390
Event: 19125.030 Thread 0x00000000160f5800 flushing nmethod 0x00000000074cc190


Dynamic libraries:
0x00007ff6be110000 - 0x00007ff6be147000 	C:\Program Files\Java\jdk1.8.0_112\bin\java.exe
0x00007ffd9ab70000 - 0x00007ffd9ad32000 	C:\Windows\SYSTEM32\ntdll.dll
0x00007ffd9a060000 - 0x00007ffd9a10d000 	C:\Windows\system32\KERNEL32.DLL
0x00007ffd976e0000 - 0x00007ffd978bd000 	C:\Windows\system32\KERNELBASE.dll
0x00007ffd9a7d0000 - 0x00007ffd9a876000 	C:\Windows\system32\ADVAPI32.dll
0x00007ffd99cd0000 - 0x00007ffd99d6d000 	C:\Windows\system32\msvcrt.dll
0x00007ffd9a530000 - 0x00007ffd9a58b000 	C:\Windows\system32\sechost.dll
0x00007ffd99a50000 - 0x00007ffd99b76000 	C:\Windows\system32\RPCRT4.dll
0x00007ffd99f10000 - 0x00007ffd9a05e000 	C:\Windows\system32\USER32.dll
0x00007ffd9a880000 - 0x00007ffd9aa03000 	C:\Windows\system32\GDI32.dll
0x00007ffd90b20000 - 0x00007ffd90d94000 	C:\Windows\WinSxS\amd64_microsoft.windows.common-controls_6595b64144ccf1df_6.0.10240.17184_none_f41d7a705752bce6\COMCTL32.dll
0x00007ffd9a4e0000 - 0x00007ffd9a516000 	C:\Windows\system32\IMM32.DLL
0x00007ffd9aa10000 - 0x00007ffd9ab6c000 	C:\Windows\system32\MSCTF.dll
0x000000006bb90000 - 0x000000006bc62000 	C:\Program Files\Java\jdk1.8.0_112\jre\bin\msvcr100.dll
0x000000006b2f0000 - 0x000000006bb8a000 	C:\Program Files\Java\jdk1.8.0_112\jre\bin\server\jvm.dll
0x00007ffd99d90000 - 0x00007ffd99d98000 	C:\Windows\system32\PSAPI.DLL
0x00007ffd8f460000 - 0x00007ffd8f469000 	C:\Windows\SYSTEM32\WSOCK32.dll
0x00007ffd9a110000 - 0x00007ffd9a179000 	C:\Windows\system32\WS2_32.dll
0x00007ffd9a250000 - 0x00007ffd9a258000 	C:\Windows\system32\NSI.dll
0x00007ffd951d0000 - 0x00007ffd951f3000 	C:\Windows\SYSTEM32\WINMM.dll
0x00007ffd91a10000 - 0x00007ffd91a1a000 	C:\Windows\SYSTEM32\VERSION.dll
0x00007ffd95170000 - 0x00007ffd9519c000 	C:\Windows\SYSTEM32\WINMMBASE.dll
0x00007ffd97690000 - 0x00007ffd976d4000 	C:\Windows\system32\cfgmgr32.dll
0x00007ffd95d60000 - 0x00007ffd95d87000 	C:\Windows\SYSTEM32\DEVOBJ.dll
0x000000006b2e0000 - 0x000000006b2ef000 	C:\Program Files\Java\jdk1.8.0_112\jre\bin\verify.dll
0x000000006b2b0000 - 0x000000006b2d9000 	C:\Program Files\Java\jdk1.8.0_112\jre\bin\java.dll
0x000000006b290000 - 0x000000006b2a6000 	C:\Program Files\Java\jdk1.8.0_112\jre\bin\zip.dll
0x00007ffd98230000 - 0x00007ffd99753000 	C:\Windows\system32\SHELL32.dll
0x00007ffd978c0000 - 0x00007ffd97ee9000 	C:\Windows\system32\windows.storage.dll
0x00007ffd9a260000 - 0x00007ffd9a4dc000 	C:\Windows\system32\combase.dll
0x00007ffd99eb0000 - 0x00007ffd99f01000 	C:\Windows\system32\shlwapi.dll
0x00007ffd97600000 - 0x00007ffd9760f000 	C:\Windows\system32\kernel.appcore.dll
0x00007ffd98170000 - 0x00007ffd98223000 	C:\Windows\system32\shcore.dll
0x00007ffd97590000 - 0x00007ffd975da000 	C:\Windows\system32\powrprof.dll
0x00007ffd97610000 - 0x00007ffd97623000 	C:\Windows\system32\profapi.dll
0x000000006b270000 - 0x000000006b28a000 	C:\Program Files\Java\jdk1.8.0_112\jre\bin\net.dll
0x00007ffd96da0000 - 0x00007ffd96dfd000 	C:\Windows\system32\mswsock.dll
0x000000006b250000 - 0x000000006b261000 	C:\Program Files\Java\jdk1.8.0_112\jre\bin\nio.dll
0x00007ffd888f0000 - 0x00007ffd8890e000 	C:\Users\admin\.gradle\native\23\windows-amd64\native-platform.dll
0x00007ffd96e00000 - 0x00007ffd96e17000 	C:\Windows\SYSTEM32\CRYPTSP.dll
0x00007ffd974c0000 - 0x00007ffd974e8000 	C:\Windows\SYSTEM32\bcrypt.dll
0x00007ffd96a50000 - 0x00007ffd96a83000 	C:\Windows\system32\rsaenh.dll
0x00007ffd96b40000 - 0x00007ffd96b5f000 	C:\Windows\SYSTEM32\USERENV.dll
0x00007ffd97350000 - 0x00007ffd973bb000 	C:\Windows\system32\bcryptprimitives.dll
0x00007ffd96f70000 - 0x00007ffd96f7b000 	C:\Windows\SYSTEM32\CRYPTBASE.dll
0x00007ffd92c00000 - 0x00007ffd92c38000 	C:\Windows\SYSTEM32\IPHLPAPI.DLL
0x00007ffd92bf0000 - 0x00007ffd92bfb000 	C:\Windows\SYSTEM32\WINNSI.DLL
0x00007ffd91b50000 - 0x00007ffd91b66000 	C:\Windows\SYSTEM32\dhcpcsvc6.DLL
0x00007ffd91b30000 - 0x00007ffd91b4a000 	C:\Windows\SYSTEM32\dhcpcsvc.DLL
0x000000006b240000 - 0x000000006b24d000 	C:\Program Files\Java\jdk1.8.0_112\jre\bin\management.dll
0x000000006b210000 - 0x000000006b234000 	C:\Program Files\Java\jdk1.8.0_112\jre\bin\sunec.dll
0x00007ffd96b60000 - 0x00007ffd96c08000 	C:\Windows\SYSTEM32\DNSAPI.dll
0x00007ffd8e040000 - 0x00007ffd8e04a000 	C:\Windows\System32\rasadhlp.dll
0x00007ffd91b80000 - 0x00007ffd91be8000 	C:\Windows\System32\fwpuclnt.dll
0x000000006b200000 - 0x000000006b20b000 	C:\Program Files\Java\jdk1.8.0_112\jre\bin\sunmscapi.dll
0x00007ffd97fa0000 - 0x00007ffd98161000 	C:\Windows\system32\CRYPT32.dll
0x00007ffd975e0000 - 0x00007ffd975f1000 	C:\Windows\system32\MSASN1.dll
0x000000006b060000 - 0x000000006b1f8000 	C:\Program Files\Java\jdk1.8.0_112\jre\bin\awt.dll
0x00007ffd9a180000 - 0x00007ffd9a242000 	C:\Windows\system32\OLEAUT32.dll
0x00007ffd95b40000 - 0x00007ffd95bb8000 	C:\Windows\system32\apphelp.dll
0x00007ffd955f0000 - 0x00007ffd95612000 	C:\Windows\system32\DWMAPI.DLL
0x00007ffd95cc0000 - 0x00007ffd95d56000 	C:\Windows\system32\uxtheme.dll
0x000000006aaa0000 - 0x000000006aaca000 	C:\Program Files\Java\jdk1.8.0_112\jre\bin\dcpr.dll
0x00007ffd968d0000 - 0x00007ffd96902000 	C:\Windows\SYSTEM32\ntmarta.dll
0x00007ffd73650000 - 0x00007ffd737da000 	C:\Windows\SYSTEM32\dbghelp.dll

VM Arguments:
jvm_args: -Xmx1536m -Dfile.encoding=windows-1252 -Duser.country=US -Duser.language=en -Duser.variant 
java_command: org.gradle.launcher.daemon.bootstrap.GradleDaemon 3.3
java_class_path (initial): C:\Users\admin\.gradle\wrapper\dists\gradle-3.3-all\55gk2rcmfc6p2dg9u9ohc3hw9\gradle-3.3\lib\gradle-launcher-3.3.jar
Launcher Type: SUN_STANDARD

Environment Variables:
JAVA_HOME=C:\Program Files\Java\jdk1.8.0_112
PATH=C:\ProgramData\Oracle\Java\javapath;C:\Windows\system32;C:\Windows;C:\Windows\System32\Wbem;C:\Windows\System32\WindowsPowerShell\v1.0\;C:\Program Files\Microsoft SQL Server\130\Tools\Binn\;C:\Program Files\dotnet\;C:\Program Files (x86)\Skype\Phone\;C:\Program Files\Microsoft SQL Server\110\Tools\Binn\;C:\Program Files (x86)\Microsoft SQL Server\110\Tools\Binn\ManagementStudio\;C:\Program Files (x86)\Microsoft SQL Server\110\Tools\Binn\;C:\Program Files (x86)\Microsoft SQL Server\110\DTS\Binn\;C:\Program Files\Microsoft SQL Server\110\DTS\Binn\;C:\Program Files (x86)\Microsoft Visual Studio 10.0\Common7\IDE\PrivateAssemblies\;C:\Program Files\Git\cmd;%JAVA_HOME%\bin;%ANT_HOME%\bin
USERNAME=admin
OS=Windows_NT
PROCESSOR_IDENTIFIER=Intel64 Family 6 Model 58 Stepping 9, GenuineIntel



---------------  S Y S T E M  ---------------

OS: Windows 10.0 , 64 bit Build 10240 (10.0.10240.17113)

CPU:total 2 (2 cores per cpu, 1 threads per core) family 6 model 58 stepping 9, cmov, cx8, fxsr, mmx, sse, sse2, sse3, ssse3, sse4.1, sse4.2, popcnt, clmul, erms, tsc, tscinvbit, tscinv

Memory: 4k page, physical 8279388k(2651780k free), swap 12473692k(4314996k free)

vm_info: Java HotSpot(TM) 64-Bit Server VM (25.112-b15) for windows-amd64 JRE (1.8.0_112-b15), built on Sep 22 2016 21:31:56 by "java_re" with MS VC++ 10.0 (VS2010)

time: Wed Aug 30 16:44:49 2017
elapsed time: 19125 seconds (0d 5h 18m 45s)

